{"video_id": "vmSOpemFObU", "recipe_id": "f-RMMPHNZR", "query_text": "Cranberry Hibiscus Sauce recipe"}
{"video_id": "egFUcumABRk", "recipe_id": "f-RMMPHNZR", "query_text": "Cranberry Hibiscus Sauce recipe"}
{"video_id": "YqOdtIjk984", "recipe_id": "f-RMMPHNZR", "query_text": "Cranberry Hibiscus Sauce recipe"}
{"video_id": "hKHzPnZo_qA", "recipe_id": "f-RMMPHNZR", "query_text": "Cranberry Hibiscus Sauce recipe"}
{"video_id": "GE5FQg-H7UY", "recipe_id": "f-RMMPHNZR", "query_text": "Cranberry Hibiscus Sauce recipe"}
{"video_id": "Q40pe7jIdeU", "recipe_id": "f-RMMPHNZR", "query_text": "Cranberry Hibiscus Sauce recipe"}
{"video_id": "8EEGTtqZP-4", "recipe_id": "f-RMMPHNZR", "query_text": "Cranberry Hibiscus Sauce recipe"}
{"video_id": "Vaa4cVitxpM", "recipe_id": "f-RMMPHNZR", "query_text": "Cranberry Hibiscus Sauce recipe"}
{"video_id": "fN5YbJZ5N8Q", "recipe_id": "f-RMMPHNZR", "query_text": "Cranberry Hibiscus Sauce recipe"}
{"video_id": "b_DDAp3BOTA", "recipe_id": "f-RMMPHNZR", "query_text": "Cranberry Hibiscus Sauce recipe"}
{"video_id": "tMOGhbf-j7k", "recipe_id": "f-QTSTCCSV", "query_text": "Pancetta and asparagus pasta recipe"}
{"video_id": "oaO6lYZ79N8", "recipe_id": "f-QTSTCCSV", "query_text": "Pancetta and asparagus pasta recipe"}
{"video_id": "xEungH6YUXs", "recipe_id": "f-QTSTCCSV", "query_text": "Pancetta and asparagus pasta recipe"}
{"video_id": "gC41uCNJUI8", "recipe_id": "f-QTSTCCSV", "query_text": "Pancetta and asparagus pasta recipe"}
{"video_id": "MBv2jdswIe0", "recipe_id": "f-QTSTCCSV", "query_text": "Pancetta and asparagus pasta recipe"}
{"video_id": "mIclEwOpY8A", "recipe_id": "f-QTSTCCSV", "query_text": "Pancetta and asparagus pasta recipe"}
{"video_id": "PS8Sr6OfM4g", "recipe_id": "f-QTSTCCSV", "query_text": "Pancetta and asparagus pasta recipe"}
{"video_id": "Wy41-FP-pKg", "recipe_id": "f-QTSTCCSV", "query_text": "Pancetta and asparagus pasta recipe"}
{"video_id": "E-M89yqs9ok", "recipe_id": "f-QTSTCCSV", "query_text": "Pancetta and asparagus pasta recipe"}
{"video_id": "nUat6WiN2Tg", "recipe_id": "f-QTSTCCSV", "query_text": "Pancetta and asparagus pasta recipe"}
{"video_id": "yNY4fMq3AzI", "recipe_id": "f-PNQMMKPD", "query_text": "Tian of Vegetables recipe"}
{"video_id": "G4zuYeIXsqM", "recipe_id": "f-PNQMMKPD", "query_text": "Tian of Vegetables recipe"}
{"video_id": "dpOv9gr8MP8", "recipe_id": "f-PNQMMKPD", "query_text": "Tian of Vegetables recipe"}
{"video_id": "FUACu0axCx4", "recipe_id": "f-PNQMMKPD", "query_text": "Tian of Vegetables recipe"}
{"video_id": "8SAv1MxVTGM", "recipe_id": "f-PNQMMKPD", "query_text": "Tian of Vegetables recipe"}
{"video_id": "5HPkG6qHHso", "recipe_id": "f-PNQMMKPD", "query_text": "Tian of Vegetables recipe"}
{"video_id": "1Zs_RcjoRZA", "recipe_id": "f-PNQMMKPD", "query_text": "Tian of Vegetables recipe"}
{"video_id": "4CE7rLBiYqU", "recipe_id": "f-PNQMMKPD", "query_text": "Tian of Vegetables recipe"}
{"video_id": "e8eW0HPa2sI", "recipe_id": "f-PNQMMKPD", "query_text": "Tian of Vegetables recipe"}
{"video_id": "PxnO9HH8jJ8", "recipe_id": "f-PNQMMKPD", "query_text": "Tian of Vegetables recipe"}
{"video_id": "vmSOpemFObU", "recipe_id": "f-RMMPHNZR", "query_text": "Cranberry Hibiscus Sauce recipe"}
{"video_id": "egFUcumABRk", "recipe_id": "f-RMMPHNZR", "query_text": "Cranberry Hibiscus Sauce recipe"}
{"video_id": "YqOdtIjk984", "recipe_id": "f-RMMPHNZR", "query_text": "Cranberry Hibiscus Sauce recipe"}
{"video_id": "hKHzPnZo_qA", "recipe_id": "f-RMMPHNZR", "query_text": "Cranberry Hibiscus Sauce recipe"}
{"video_id": "GE5FQg-H7UY", "recipe_id": "f-RMMPHNZR", "query_text": "Cranberry Hibiscus Sauce recipe"}
{"video_id": "Q40pe7jIdeU", "recipe_id": "f-RMMPHNZR", "query_text": "Cranberry Hibiscus Sauce recipe"}
{"video_id": "8EEGTtqZP-4", "recipe_id": "f-RMMPHNZR", "query_text": "Cranberry Hibiscus Sauce recipe"}
{"video_id": "Vaa4cVitxpM", "recipe_id": "f-RMMPHNZR", "query_text": "Cranberry Hibiscus Sauce recipe"}
{"video_id": "fN5YbJZ5N8Q", "recipe_id": "f-RMMPHNZR", "query_text": "Cranberry Hibiscus Sauce recipe"}
{"video_id": "b_DDAp3BOTA", "recipe_id": "f-RMMPHNZR", "query_text": "Cranberry Hibiscus Sauce recipe"}
{"video_id": "tMOGhbf-j7k", "recipe_id": "f-QTSTCCSV", "query_text": "Pancetta and asparagus pasta recipe"}
{"video_id": "oaO6lYZ79N8", "recipe_id": "f-QTSTCCSV", "query_text": "Pancetta and asparagus pasta recipe"}
{"video_id": "xEungH6YUXs", "recipe_id": "f-QTSTCCSV", "query_text": "Pancetta and asparagus pasta recipe"}
{"video_id": "MBv2jdswIe0", "recipe_id": "f-QTSTCCSV", "query_text": "Pancetta and asparagus pasta recipe"}
{"video_id": "gC41uCNJUI8", "recipe_id": "f-QTSTCCSV", "query_text": "Pancetta and asparagus pasta recipe"}
{"video_id": "mIclEwOpY8A", "recipe_id": "f-QTSTCCSV", "query_text": "Pancetta and asparagus pasta recipe"}
{"video_id": "PS8Sr6OfM4g", "recipe_id": "f-QTSTCCSV", "query_text": "Pancetta and asparagus pasta recipe"}
{"video_id": "Wy41-FP-pKg", "recipe_id": "f-QTSTCCSV", "query_text": "Pancetta and asparagus pasta recipe"}
{"video_id": "E-M89yqs9ok", "recipe_id": "f-QTSTCCSV", "query_text": "Pancetta and asparagus pasta recipe"}
{"video_id": "GOOqozMnm1M", "recipe_id": "f-QTSTCCSV", "query_text": "Pancetta and asparagus pasta recipe"}
{"video_id": "yNY4fMq3AzI", "recipe_id": "f-PNQMMKPD", "query_text": "Tian of Vegetables recipe"}
{"video_id": "G4zuYeIXsqM", "recipe_id": "f-PNQMMKPD", "query_text": "Tian of Vegetables recipe"}
{"video_id": "dpOv9gr8MP8", "recipe_id": "f-PNQMMKPD", "query_text": "Tian of Vegetables recipe"}
{"video_id": "FUACu0axCx4", "recipe_id": "f-PNQMMKPD", "query_text": "Tian of Vegetables recipe"}
{"video_id": "8SAv1MxVTGM", "recipe_id": "f-PNQMMKPD", "query_text": "Tian of Vegetables recipe"}
{"video_id": "5HPkG6qHHso", "recipe_id": "f-PNQMMKPD", "query_text": "Tian of Vegetables recipe"}
{"video_id": "1Zs_RcjoRZA", "recipe_id": "f-PNQMMKPD", "query_text": "Tian of Vegetables recipe"}
{"video_id": "4CE7rLBiYqU", "recipe_id": "f-PNQMMKPD", "query_text": "Tian of Vegetables recipe"}
{"video_id": "e8eW0HPa2sI", "recipe_id": "f-PNQMMKPD", "query_text": "Tian of Vegetables recipe"}
{"video_id": "PxnO9HH8jJ8", "recipe_id": "f-PNQMMKPD", "query_text": "Tian of Vegetables recipe"}
{"video_id": "XIrzNWzeg0w", "recipe_id": "f-6VWP66LZ", "query_text": "Vegetables and minced meat casserole recipe"}
{"video_id": "tIRnaRBf7aA", "recipe_id": "f-6VWP66LZ", "query_text": "Vegetables and minced meat casserole recipe"}
{"video_id": "De_8c5h6R6A", "recipe_id": "f-6VWP66LZ", "query_text": "Vegetables and minced meat casserole recipe"}
{"video_id": "MmmFhnTXWK4", "recipe_id": "f-6VWP66LZ", "query_text": "Vegetables and minced meat casserole recipe"}
{"video_id": "hlZiVz43MGE", "recipe_id": "f-6VWP66LZ", "query_text": "Vegetables and minced meat casserole recipe"}
{"video_id": "bUvLPYd71kU", "recipe_id": "f-6VWP66LZ", "query_text": "Vegetables and minced meat casserole recipe"}
{"video_id": "XMLGS5FbEbs", "recipe_id": "f-6VWP66LZ", "query_text": "Vegetables and minced meat casserole recipe"}
{"video_id": "EFUc5JE-3xA", "recipe_id": "f-6VWP66LZ", "query_text": "Vegetables and minced meat casserole recipe"}
{"video_id": "KAtY0RMYaKA", "recipe_id": "f-6VWP66LZ", "query_text": "Vegetables and minced meat casserole recipe"}
{"video_id": "KMkp8_u959w", "recipe_id": "f-6VWP66LZ", "query_text": "Vegetables and minced meat casserole recipe"}
{"video_id": "KmeNaNfxBJw", "recipe_id": "f-FLNCYQMS", "query_text": "Zucchini Tomatoes gratin recipe"}
{"video_id": "9KnoIsk-Lpw", "recipe_id": "f-FLNCYQMS", "query_text": "Zucchini Tomatoes gratin recipe"}
{"video_id": "i95gfN0aLLQ", "recipe_id": "f-FLNCYQMS", "query_text": "Zucchini Tomatoes gratin recipe"}
{"video_id": "qeE8KXv4Vqo", "recipe_id": "f-FLNCYQMS", "query_text": "Zucchini Tomatoes gratin recipe"}
{"video_id": "hLTx1inT1Go", "recipe_id": "f-FLNCYQMS", "query_text": "Zucchini Tomatoes gratin recipe"}
{"video_id": "Om3JdzvZZnM", "recipe_id": "f-FLNCYQMS", "query_text": "Zucchini Tomatoes gratin recipe"}
{"video_id": "cnvuQa1Zs4Y", "recipe_id": "f-FLNCYQMS", "query_text": "Zucchini Tomatoes gratin recipe"}
{"video_id": "TAtswitY8bs", "recipe_id": "f-FLNCYQMS", "query_text": "Zucchini Tomatoes gratin recipe"}
{"video_id": "wMqRhCIi2Ao", "recipe_id": "f-FLNCYQMS", "query_text": "Zucchini Tomatoes gratin recipe"}
{"video_id": "hSdjdgRgjqI", "recipe_id": "f-FLNCYQMS", "query_text": "Zucchini Tomatoes gratin recipe"}
